#
# A fatal error has been detected by the Java Runtime Environment:
#
#  EXCEPTION_ACCESS_VIOLATION (0xc0000005) at pc=0x000000018002cc90, pid=6904, tid=5904
#
# JRE version: Java(TM) SE Runtime Environment (7.0_71-b14) (build 1.7.0_71-b14)
# Java VM: Java HotSpot(TM) 64-Bit Server VM (24.71-b01 mixed mode windows-amd64 compressed oops)
# Problematic frame:
# C  [ASProxy64.dll+0x2cc90]
#
# Failed to write core dump. Minidumps are not enabled by default on client versions of Windows
#
# If you would like to submit a bug report, please visit:
#   http://bugreport.sun.com/bugreport/crash.jsp
# The crash happened outside the Java Virtual Machine in native code.
# See problematic frame for where to report the bug.
#

---------------  T H R E A D  ---------------

Current thread (0x000000000f81b000):  JavaThread "Daemon worker Thread 61" [_thread_in_native, id=5904, stack(0x000000000dbd0000,0x000000000dcd0000)]

siginfo: ExceptionCode=0xc0000005, writing address 0x0000000000000000

Registers:
RAX=0x0000000000000000, RBX=0x000000000f81b1e8, RCX=0x0000000001161df0, RDX=0x000000000dcc71d8
RSP=0x000000000dcc71e0, RBP=0x0000000000000000, RSI=0x000000000e81ad50, RDI=0x0000000000000000
R8 =0x000000018006eb38, R9 =0x0000000000008000, R10=0x00000000749f5f80, R11=0x00000000749f5f80
R12=0x000000000e81ad98, R13=0x000000000dcc73f8, R14=0x000000000d6224f0, R15=0x0000000000000003
RIP=0x000000018002cc90, EFLAGS=0x0000000000010202

Top of Stack: (sp=0x000000000dcc71e0)
0x000000000dcc71e0:   0000000000000000 000000000dcc0028
0x000000000dcc71f0:   fffffffffffffffe 0000000074422d05
0x000000000dcc7200:   000000000f81b1e8 000000018002dbf2
0x000000000dcc7210:   000000018006eac0 0000000001161df0
0x000000000dcc7220:   000000000b856d10 000000000b856d10
0x000000000dcc7230:   000000000f81b000 0000000000000000
0x000000000dcc7240:   fffffffffffffffe 000000000e81ad98
0x000000000dcc7250:   0000000000000003 000000018002db42
0x000000000dcc7260:   0000000001161df0 0000000001161df0
0x000000000dcc7270:   000000000f81b1e8 0000000073ed8d94
0x000000000dcc7280:   000000000e4f3d00 000000000e81ad50
0x000000000dcc7290:   000000000e81ad50 000000000e4f3d00
0x000000000dcc72a0:   000000000f81b1e8 0000000074283702
0x000000000dcc72b0:   0000000001161df0 000000000f81b1e8
0x000000000dcc72c0:   000000000e4f3d00 000000000e81ad50
0x000000000dcc72d0:   0000000000000001 0000000001161df0 

Instructions: (pc=0x000000018002cc90)
0x000000018002cc70:   af 04 24 83 c0 0d 89 04 24 8b 44 24 04 0f af 04
0x000000018002cc80:   24 83 c0 0e 89 04 24 8b 44 24 04 0f af 04 24 83
0x000000018002cc90:   c0 0f 89 04 24 8b 44 24 04 0f af 04 24 83 c0 10
0x000000018002cca0:   89 04 24 8b 44 24 04 0f af 04 24 83 c0 11 89 04 


Register to memory mapping:

RAX=0x0000000000000000 is an unknown value
RBX=0x000000000f81b1e8 is an unknown value
RCX=0x0000000001161df0 is an unknown value
RDX=0x000000000dcc71d8 is pointing into the stack for thread: 0x000000000f81b000
RSP=0x000000000dcc71e0 is pointing into the stack for thread: 0x000000000f81b000
RBP=0x0000000000000000 is an unknown value
RSI=0x000000000e81ad50 is an unknown value
RDI=0x0000000000000000 is an unknown value
R8 =0x000000018006eb38 is an unknown value
R9 =0x0000000000008000 is an unknown value
R10=0x00000000749f5f80 is an unknown value
R11=0x00000000749f5f80 is an unknown value
R12=0x000000000e81ad98 is an unknown value
R13=0x000000000dcc73f8 is pointing into the stack for thread: 0x000000000f81b000
R14=0x000000000d6224f0 is an unknown value
R15=0x0000000000000003 is an unknown value


Stack: [0x000000000dbd0000,0x000000000dcd0000],  sp=0x000000000dcc71e0,  free space=988k
Native frames: (J=compiled Java code, j=interpreted, Vv=VM code, C=native code)
C  [ASProxy64.dll+0x2cc90]

[error occurred during error reporting (printing native stack), id 0xc0000005]

Java frames: (J=compiled Java code, j=interpreted, Vv=VM code)
j  java.net.Inet6AddressImpl.lookupAllHostAddr(Ljava/lang/String;)[Ljava/net/InetAddress;+0
j  java.net.InetAddress$1.lookupAllHostAddr(Ljava/lang/String;)[Ljava/net/InetAddress;+4
j  java.net.InetAddress.getAddressesFromNameService(Ljava/lang/String;Ljava/net/InetAddress;)[Ljava/net/InetAddress;+51
j  java.net.InetAddress.getLocalHost()Ljava/net/InetAddress;+90
j  javax.crypto.JarVerifier.getSystemEntropy()[B+86
j  javax.crypto.JarVerifier.testSignatures(Ljava/security/cert/X509Certificate;Ljava/security/cert/CertificateFactory;)V+3
j  javax.crypto.JarVerifier.access$400(Ljava/security/cert/X509Certificate;Ljava/security/cert/CertificateFactory;)V+2
j  javax.crypto.JarVerifier$1.run()Ljava/lang/Void;+71
j  javax.crypto.JarVerifier$1.run()Ljava/lang/Object;+1
v  ~StubRoutines::call_stub
j  java.security.AccessController.doPrivileged(Ljava/security/PrivilegedExceptionAction;)Ljava/lang/Object;+0
j  javax.crypto.JarVerifier.<clinit>()V+7
v  ~StubRoutines::call_stub
j  javax.crypto.JceSecurity.loadPolicies(Ljava/io/File;Ljavax/crypto/CryptoPermissions;Ljavax/crypto/CryptoPermissions;)V+146
j  javax.crypto.JceSecurity.setupJurisdictionPolicies()V+130
j  javax.crypto.JceSecurity.access$000()V+0
j  javax.crypto.JceSecurity$1.run()Ljava/lang/Object;+0
v  ~StubRoutines::call_stub
j  java.security.AccessController.doPrivileged(Ljava/security/PrivilegedExceptionAction;)Ljava/lang/Object;+0
j  javax.crypto.JceSecurity.<clinit>()V+49
v  ~StubRoutines::call_stub
j  javax.crypto.KeyAgreement.getInstance(Ljava/lang/String;)Ljavax/crypto/KeyAgreement;+37
j  sun.security.ssl.JsseJce.getKeyAgreement(Ljava/lang/String;)Ljavax/crypto/KeyAgreement;+7
j  sun.security.ssl.JsseJce.isEcAvailable()Z+20
j  sun.security.ssl.CipherSuite$KeyExchange.isAvailable()Z+28
j  sun.security.ssl.CipherSuite.isAvailable()Z+11
j  sun.security.ssl.SSLContextImpl.getApplicableCipherSuiteList(Lsun/security/ssl/ProtocolList;Z)Lsun/security/ssl/CipherSuiteList;+105
j  sun.security.ssl.SSLContextImpl.getDefaultCipherSuiteList(Z)Lsun/security/ssl/CipherSuiteList;+55
j  sun.security.ssl.SSLSocketImpl.init(Lsun/security/ssl/SSLContextImpl;Z)V+83
j  sun.security.ssl.SSLSocketImpl.<init>(Lsun/security/ssl/SSLContextImpl;)V+77
j  sun.security.ssl.SSLSocketFactoryImpl.createSocket()Ljava/net/Socket;+8
j  org.apache.http.conn.ssl.SSLSocketFactory.createSocket(Lorg/apache/http/params/HttpParams;)Ljava/net/Socket;+4
j  org.apache.http.impl.conn.DefaultClientConnectionOperator.openConnection(Lorg/apache/http/conn/OperatedClientConnection;Lorg/apache/http/HttpHost;Ljava/net/InetAddress;Lorg/apache/http/protocol/HttpContext;Lorg/apache/http/params/HttpParams;)V+142
j  org.apache.http.impl.conn.ManagedClientConnectionImpl.open(Lorg/apache/http/conn/routing/HttpRoute;Lorg/apache/http/protocol/HttpContext;Lorg/apache/http/params/HttpParams;)V+133
j  org.apache.http.impl.client.DefaultRequestDirector.tryConnect(Lorg/apache/http/impl/client/RoutedRequest;Lorg/apache/http/protocol/HttpContext;)V+49
j  org.apache.http.impl.client.DefaultRequestDirector.execute(Lorg/apache/http/HttpHost;Lorg/apache/http/HttpRequest;Lorg/apache/http/protocol/HttpContext;)Lorg/apache/http/HttpResponse;+367
j  org.apache.http.impl.client.AbstractHttpClient.execute(Lorg/apache/http/HttpHost;Lorg/apache/http/HttpRequest;Lorg/apache/http/protocol/HttpContext;)Lorg/apache/http/HttpResponse;+344
j  org.apache.http.impl.client.DecompressingHttpClient.execute(Lorg/apache/http/HttpHost;Lorg/apache/http/HttpRequest;Lorg/apache/http/protocol/HttpContext;)Lorg/apache/http/HttpResponse;+65
j  org.apache.http.impl.client.DecompressingHttpClient.execute(Lorg/apache/http/client/methods/HttpUriRequest;Lorg/apache/http/protocol/HttpContext;)Lorg/apache/http/HttpResponse;+8
j  org.gradle.internal.resource.transport.http.HttpClientHelper.performHttpRequest(Lorg/apache/http/client/methods/HttpRequestBase;)Lorg/apache/http/HttpResponse;+37
j  org.gradle.internal.resource.transport.http.HttpClientHelper.executeGetOrHead(Lorg/apache/http/client/methods/HttpRequestBase;)Lorg/apache/http/HttpResponse;+2
j  org.gradle.internal.resource.transport.http.HttpClientHelper.performRequest(Lorg/apache/http/client/methods/HttpRequestBase;)Lorg/apache/http/HttpResponse;+7
j  org.gradle.internal.resource.transport.http.HttpClientHelper.performRawGet(Ljava/lang/String;)Lorg/apache/http/HttpResponse;+9
j  org.gradle.internal.resource.transport.http.HttpClientHelper.performGet(Ljava/lang/String;)Lorg/apache/http/HttpResponse;+6
j  org.gradle.internal.resource.transport.http.HttpResourceAccessor.getResource(Ljava/net/URI;)Lorg/gradle/internal/resource/transport/http/HttpResponseResource;+25
j  org.gradle.internal.resource.transport.http.HttpResourceAccessor.getResource(Ljava/net/URI;)Lorg/gradle/internal/resource/ExternalResource;+2
j  org.gradle.internal.resource.transfer.ProgressLoggingExternalResourceAccessor.getResource(Ljava/net/URI;)Lorg/gradle/internal/resource/ExternalResource;+5
j  org.gradle.internal.resource.transfer.DefaultCacheAwareExternalResourceAccessor.getResource(Ljava/net/URI;Lorg/gradle/internal/resource/transfer/CacheAwareExternalResourceAccessor$ResourceFileStore;Lorg/gradle/internal/resource/local/LocallyAvailableResourceCandidates;)Lorg/gradle/internal/resource/LocallyAvailableExternalResource;+52
j  org.gradle.api.internal.artifacts.repositories.resolver.DefaultExternalResourceArtifactResolver.downloadStaticResource(Ljava/util/List;Lorg/gradle/internal/component/external/model/ModuleComponentArtifactMetaData;Lorg/gradle/internal/resolve/result/ResourceAwareResolveResult;)Lorg/gradle/internal/resource/LocallyAvailableExternalResource;+92
j  org.gradle.api.internal.artifacts.repositories.resolver.DefaultExternalResourceArtifactResolver.resolveMetaDataArtifact(Lorg/gradle/internal/component/external/model/ModuleComponentArtifactMetaData;Lorg/gradle/internal/resolve/result/ResourceAwareResolveResult;)Lorg/gradle/internal/resource/LocallyAvailableExternalResource;+7
j  org.gradle.api.internal.artifacts.repositories.resolver.ExternalResourceResolver.parseMetaDataFromArtifact(Lorg/gradle/api/artifacts/component/ModuleComponentIdentifier;Lorg/gradle/api/internal/artifacts/repositories/resolver/ExternalResourceArtifactResolver;Lorg/gradle/internal/resolve/result/ResourceAwareResolveResult;)Lorg/gradle/internal/component/external/model/MutableModuleComponentResolveMetaData;+11
j  org.gradle.api.internal.artifacts.repositories.resolver.ExternalResourceResolver.resolveStaticDependency(Lorg/gradle/internal/component/model/DependencyMetaData;Lorg/gradle/api/artifacts/component/ModuleComponentIdentifier;Lorg/gradle/internal/resolve/result/BuildableModuleComponentMetaDataResolveResult;Lorg/gradle/api/internal/artifacts/repositories/resolver/ExternalResourceArtifactResolver;)V+5
j  org.gradle.api.internal.artifacts.repositories.resolver.MavenResolver.doResolveComponentMetaData(Lorg/gradle/internal/component/model/DependencyMetaData;Lorg/gradle/api/artifacts/component/ModuleComponentIdentifier;Lorg/gradle/internal/resolve/result/BuildableModuleComponentMetaDataResolveResult;)V+39
j  org.gradle.api.internal.artifacts.repositories.resolver.ExternalResourceResolver$RemoteRepositoryAccess.resolveComponentMetaData(Lorg/gradle/internal/component/model/DependencyMetaData;Lorg/gradle/api/artifacts/component/ModuleComponentIdentifier;Lorg/gradle/internal/resolve/result/BuildableModuleComponentMetaDataResolveResult;)V+7
j  org.gradle.api.internal.artifacts.ivyservice.ivyresolve.CacheLockReleasingModuleComponentsRepository$LockReleasingRepositoryAccess$2.run()V+19
j  org.gradle.internal.Factories$1.create()Ljava/lang/Object;+4
j  org.gradle.cache.internal.DefaultCacheAccess.longRunningOperation(Ljava/lang/String;Lorg/gradle/internal/Factory;)Ljava/lang/Object;+7
j  org.gradle.cache.internal.DefaultCacheAccess.longRunningOperation(Ljava/lang/String;Ljava/lang/Runnable;)V+6
j  org.gradle.cache.internal.DefaultPersistentDirectoryStore.longRunningOperation(Ljava/lang/String;Ljava/lang/Runnable;)V+6
j  org.gradle.cache.internal.DefaultCacheFactory$ReferenceTrackingCache.longRunningOperation(Ljava/lang/String;Ljava/lang/Runnable;)V+9
j  org.gradle.api.internal.artifacts.ivyservice.DefaultCacheLockingManager.longRunningOperation(Ljava/lang/String;Ljava/lang/Runnable;)V+6
j  org.gradle.api.internal.artifacts.ivyservice.ivyresolve.CacheLockReleasingModuleComponentsRepository$LockReleasingRepositoryAccess.resolveComponentMetaData(Lorg/gradle/internal/component/model/DependencyMetaData;Lorg/gradle/api/artifacts/component/ModuleComponentIdentifier;Lorg/gradle/internal/resolve/result/BuildableModuleComponentMetaDataResolveResult;)V+35
j  org.gradle.api.internal.artifacts.ivyservice.ivyresolve.CachingModuleComponentRepository$ResolveAndCacheRepositoryAccess.resolveComponentMetaData(Lorg/gradle/internal/component/model/DependencyMetaData;Lorg/gradle/api/artifacts/component/ModuleComponentIdentifier;Lorg/gradle/internal/resolve/result/BuildableModuleComponentMetaDataResolveResult;)V+24
j  org.gradle.api.internal.artifacts.ivyservice.ivyresolve.BaseModuleComponentRepositoryAccess.resolveComponentMetaData(Lorg/gradle/internal/component/model/DependencyMetaData;Lorg/gradle/api/artifacts/component/ModuleComponentIdentifier;Lorg/gradle/internal/resolve/result/BuildableModuleComponentMetaDataResolveResult;)V+7
j  org.gradle.api.internal.artifacts.ivyservice.ivyresolve.memcache.InMemoryCachedModuleComponentRepository$CachedAccess.resolveComponentMetaData(Lorg/gradle/internal/component/model/DependencyMetaData;Lorg/gradle/api/artifacts/component/ModuleComponentIdentifier;Lorg/gradle/internal/resolve/result/BuildableModuleComponentMetaDataResolveResult;)V+16
j  org.gradle.api.internal.artifacts.ivyservice.ivyresolve.ComponentMetaDataResolveState.process(Lorg/gradle/internal/component/model/DependencyMetaData;Lorg/gradle/api/artifacts/component/ModuleComponentIdentifier;Lorg/gradle/api/internal/artifacts/ivyservice/ivyresolve/ModuleComponentRepositoryAccess;Lorg/gradle/internal/resolve/result/BuildableModuleComponentMetaDataResolveResult;)V+5
j  org.gradle.api.internal.artifacts.ivyservice.ivyresolve.ComponentMetaDataResolveState.resolve()Lorg/gradle/internal/resolve/result/BuildableModuleComponentMetaDataResolveResult;+104
j  org.gradle.api.internal.artifacts.ivyservice.ivyresolve.RepositoryChainDependencyResolver.findBestMatch(Ljava/util/LinkedList;Ljava/util/Collection;Ljava/util/Collection;)Lorg/gradle/api/internal/artifacts/ivyservice/ivyresolve/RepositoryChainModuleResolution;+21
J 3516 C2 org.gradle.api.internal.artifacts.ivyservice.ivyresolve.RepositoryChainDependencyResolver.resolve(Lorg/gradle/internal/component/model/DependencyMetaData;Lorg/gradle/internal/resolve/result/BuildableComponentResolveResult;)V (341 bytes) @ 0x000000000397aa64 [0x0000000003979ea0+0xbc4]
j  org.gradle.api.internal.artifacts.ivyservice.ivyresolve.RepositoryChainAdapter.resolve(Lorg/gradle/internal/component/model/DependencyMetaData;Lorg/gradle/api/artifacts/component/ComponentIdentifier;Lorg/gradle/internal/resolve/result/BuildableComponentResolveResult;)V+64
j  org.gradle.api.internal.artifacts.ivyservice.clientmodule.ClientModuleResolver.resolve(Lorg/gradle/internal/component/model/DependencyMetaData;Lorg/gradle/api/artifacts/component/ComponentIdentifier;Lorg/gradle/internal/resolve/result/BuildableComponentResolveResult;)V+7
j  org.gradle.api.internal.artifacts.ivyservice.resolveengine.graph.DependencyGraphBuilder$ModuleVersionResolveState.resolve()V+89
J 3001 C2 org.gradle.api.internal.artifacts.ivyservice.resolveengine.graph.DependencyGraphBuilder$DependencyEdge.attachToTargetConfigurations()V (79 bytes) @ 0x00000000037ac664 [0x00000000037ab6a0+0xfc4]
J 3126 C2 org.gradle.api.internal.artifacts.ivyservice.resolveengine.graph.DependencyGraphBuilder.traverseGraph(Lorg/gradle/api/internal/artifacts/ivyservice/resolveengine/graph/DependencyGraphBuilder$ResolveState;Lorg/gradle/api/internal/artifacts/ivyservice/resolveengine/graph/conflicts/ConflictHandler;)V (257 bytes) @ 0x00000000037d3b50 [0x00000000037d3860+0x2f0]
j  org.gradle.api.internal.artifacts.ivyservice.resolveengine.graph.DependencyGraphBuilder.resolveDependencyGraph(Lorg/gradle/api/internal/artifacts/configurations/ConfigurationInternal;Lorg/gradle/api/internal/artifacts/ivyservice/resolveengine/graph/DependencyGraphVisitor;)V+94
j  org.gradle.api.internal.artifacts.ivyservice.resolveengine.graph.DependencyGraphBuilder.resolve(Lorg/gradle/api/internal/artifacts/configurations/ConfigurationInternal;Lorg/gradle/api/internal/artifacts/ivyservice/resolveengine/result/ResolutionResultBuilder;Lorg/gradle/api/internal/artifacts/ivyservice/resolveengine/oldresult/ResolvedConfigurationBuilder;)V+51
j  org.gradle.api.internal.artifacts.ivyservice.resolveengine.DefaultDependencyResolver$1.execute(Lorg/apache/ivy/Ivy;)V+314
j  org.gradle.api.internal.artifacts.ivyservice.resolveengine.DefaultDependencyResolver$1.execute(Ljava/lang/Object;)V+5
j  org.gradle.internal.Transformers$4.transform(Ljava/lang/Object;)Ljava/lang/Object;+5
j  org.gradle.api.internal.artifacts.ivyservice.DefaultIvyContextManager.withIvy(Lorg/gradle/api/Transformer;)Ljava/lang/Object;+96
j  org.gradle.api.internal.artifacts.ivyservice.DefaultIvyContextManager.withIvy(Lorg/gradle/api/Action;)V+5
j  org.gradle.api.internal.artifacts.ivyservice.resolveengine.DefaultDependencyResolver.resolve(Lorg/gradle/api/internal/artifacts/configurations/ConfigurationInternal;Ljava/util/List;Lorg/gradle/api/internal/artifacts/GlobalDependencyResolutionRules;Lorg/gradle/api/internal/artifacts/ResolverResults;)V+28
j  org.gradle.api.internal.artifacts.ivyservice.CacheLockingArtifactDependencyResolver$1.run()V+23
j  org.gradle.internal.Factories$1.create()Ljava/lang/Object;+4
j  org.gradle.cache.internal.DefaultCacheAccess.useCache(Ljava/lang/String;Lorg/gradle/internal/Factory;)Ljava/lang/Object;+45
j  org.gradle.cache.internal.DefaultCacheAccess.useCache(Ljava/lang/String;Ljava/lang/Runnable;)V+6
j  org.gradle.cache.internal.DefaultPersistentDirectoryStore.useCache(Ljava/lang/String;Ljava/lang/Runnable;)V+6
j  org.gradle.cache.internal.DefaultCacheFactory$ReferenceTrackingCache.useCache(Ljava/lang/String;Ljava/lang/Runnable;)V+9
j  org.gradle.api.internal.artifacts.ivyservice.DefaultCacheLockingManager.useCache(Ljava/lang/String;Ljava/lang/Runnable;)V+6
j  org.gradle.api.internal.artifacts.ivyservice.CacheLockingArtifactDependencyResolver.resolve(Lorg/gradle/api/internal/artifacts/configurations/ConfigurationInternal;Ljava/util/List;Lorg/gradle/api/internal/artifacts/GlobalDependencyResolutionRules;Lorg/gradle/api/internal/artifacts/ResolverResults;)V+30
j  org.gradle.api.internal.artifacts.ivyservice.SelfResolvingDependencyResolver.resolve(Lorg/gradle/api/internal/artifacts/configurations/ConfigurationInternal;Ljava/util/List;Lorg/gradle/api/internal/artifacts/GlobalDependencyResolutionRules;Lorg/gradle/api/internal/artifacts/ResolverResults;)V+9
j  org.gradle.api.internal.artifacts.ivyservice.ShortcircuitEmptyConfigsArtifactDependencyResolver.resolve(Lorg/gradle/api/internal/artifacts/configurations/ConfigurationInternal;Ljava/util/List;Lorg/gradle/api/internal/artifacts/GlobalDependencyResolutionRules;Lorg/gradle/api/internal/artifacts/ResolverResults;)V+88
j  org.gradle.api.internal.artifacts.ivyservice.ErrorHandlingArtifactDependencyResolver.resolve(Lorg/gradle/api/internal/artifacts/configurations/ConfigurationInternal;Ljava/util/List;Lorg/gradle/api/internal/artifacts/GlobalDependencyResolutionRules;Lorg/gradle/api/internal/artifacts/ResolverResults;)V+9
j  org.gradle.api.internal.artifacts.ivyservice.DefaultConfigurationResolver.resolve(Lorg/gradle/api/internal/artifacts/configurations/ConfigurationInternal;)Lorg/gradle/api/internal/artifacts/ResolverResults;+33
j  org.gradle.api.internal.artifacts.configurations.DefaultConfiguration.resolveNow()V+40
j  org.gradle.api.internal.artifacts.configurations.DefaultConfiguration.getResolvedConfiguration()Lorg/gradle/api/artifacts/ResolvedConfiguration;+1
j  org.gradle.api.internal.artifacts.configurations.DefaultConfiguration_Decorated.getResolvedConfiguration()Lorg/gradle/api/artifacts/ResolvedConfiguration;+7
j  sun.reflect.GeneratedMethodAccessor1766.invoke(Ljava/lang/Object;[Ljava/lang/Object;)Ljava/lang/Object;+36
J 1213 C2 org.codehaus.groovy.reflection.CachedMethod.invoke(Ljava/lang/Object;[Ljava/lang/Object;)Ljava/lang/Object; (70 bytes) @ 0x00000000031bede0 [0x00000000031bed60+0x80]
J 2558 C2 org.gradle.api.internal.CompositeDynamicObject.getProperty(Ljava/lang/String;)Ljava/lang/Object; (128 bytes) @ 0x00000000036311e4 [0x0000000003631000+0x1e4]
j  org.gradle.api.internal.artifacts.configurations.DefaultConfiguration_Decorated.getProperty(Ljava/lang/String;)Ljava/lang/Object;+5
J 2439 C2 org.codehaus.groovy.runtime.callsite.PogoGetPropertySite.getProperty(Ljava/lang/Object;)Ljava/lang/Object; (20 bytes) @ 0x0000000003589930 [0x00000000035898e0+0x50]
J 1965 C2 org.codehaus.groovy.runtime.callsite.AbstractCallSite.callGetProperty(Ljava/lang/Object;)Ljava/lang/Object; (12 bytes) @ 0x00000000033aa6e8 [0x00000000033aa6a0+0x48]
j  com.android.build.gradle.BasePlugin.collectArtifacts(Lorg/gradle/api/artifacts/Configuration;Ljava/util/Map;)V+241
j  com.android.build.gradle.BasePlugin.this$2$collectArtifacts(Lorg/gradle/api/artifacts/Configuration;Ljava/util/Map;)V+3
j  com.android.build.gradle.BasePlugin$this$2$collectArtifacts$2.callCurrent(Lgroovy/lang/GroovyObject;[Ljava/lang/Object;)Ljava/lang/Object;+25
j  org.codehaus.groovy.runtime.callsite.CallSiteArray.defaultCallCurrent(Lorg/codehaus/groovy/runtime/callsite/CallSite;Lgroovy/lang/GroovyObject;[Ljava/lang/Object;)Ljava/lang/Object;+17
j  org.codehaus.groovy.runtime.callsite.AbstractCallSite.callCurrent(Lgroovy/lang/GroovyObject;[Ljava/lang/Object;)Ljava/lang/Object;+3
j  org.codehaus.groovy.runtime.callsite.AbstractCallSite.callCurrent(Lgroovy/lang/GroovyObject;Ljava/lang/Object;Ljava/lang/Object;)Ljava/lang/Object;+7
j  com.android.build.gradle.BasePlugin.resolveDependencyForConfig(Lcom/android/build/gradle/internal/dependency/VariantDependencies;Ljava/util/Map;Ljava/util/Map;Lcom/google/common/collect/Multimap;)V+255
j  com.android.build.gradle.BasePlugin.this$2$resolveDependencyForConfig(Lcom/android/build/gradle/internal/dependency/VariantDependencies;Ljava/util/Map;Ljava/util/Map;Lcom/google/common/collect/Multimap;)V+6
j  com.android.build.gradle.BasePlugin$this$2$resolveDependencyForConfig$1.callCurrent(Lgroovy/lang/GroovyObject;[Ljava/lang/Object;)Ljava/lang/Object;+37
j  org.codehaus.groovy.runtime.callsite.CallSiteArray.defaultCallCurrent(Lorg/codehaus/groovy/runtime/callsite/CallSite;Lgroovy/lang/GroovyObject;[Ljava/lang/Object;)Ljava/lang/Object;+17
j  org.codehaus.groovy.runtime.callsite.AbstractCallSite.callCurrent(Lgroovy/lang/GroovyObject;[Ljava/lang/Object;)Ljava/lang/Object;+3
j  org.codehaus.groovy.runtime.callsite.AbstractCallSite.callCurrent(Lgroovy/lang/GroovyObject;Ljava/lang/Object;Ljava/lang/Object;Ljava/lang/Object;Ljava/lang/Object;)Ljava/lang/Object;+11
j  com.android.build.gradle.BasePlugin.resolveDependencies(Lcom/android/build/gradle/internal/dependency/VariantDependencies;)V+78
j  com.android.build.gradle.internal.VariantManager.createVariantData(Lcom/android/builder/model/BuildType;Ljava/util/List;Lcom/android/builder/model/SigningConfig;)Lcom/android/build/gradle/internal/variant/BaseVariantData;+630
j  com.android.build.gradle.internal.VariantManager.createVariantDataForProductFlavors(Lcom/android/builder/model/SigningConfig;Ljava/util/List;)V+178
j  com.android.build.gradle.internal.VariantManager.populateVariantDataList(Lcom/android/builder/model/SigningConfig;)V+24
j  com.android.build.gradle.internal.VariantManager.createAndroidTasks(Lcom/android/builder/model/SigningConfig;)V+77
j  com.android.build.gradle.internal.VariantManager$createAndroidTasks.call(Ljava/lang/Object;[Ljava/lang/Object;)Ljava/lang/Object;+19
j  org.codehaus.groovy.runtime.callsite.CallSiteArray.defaultCall(Lorg/codehaus/groovy/runtime/callsite/CallSite;Ljava/lang/Object;[Ljava/lang/Object;)Ljava/lang/Object;+8
J 3241 C2 org.codehaus.groovy.runtime.callsite.AbstractCallSite.call(Ljava/lang/Object;[Ljava/lang/Object;)Ljava/lang/Object; (7 bytes) @ 0x0000000003839904 [0x00000000038398e0+0x24]
j  org.codehaus.groovy.runtime.callsite.AbstractCallSite.call(Ljava/lang/Object;Ljava/lang/Object;)Ljava/lang/Object;+6
j  com.android.build.gradle.BasePlugin.createAndroidTasks(Z)V+519
v  ~StubRoutines::call_stub
J 1677  sun.reflect.NativeMethodAccessorImpl.invoke0(Ljava/lang/reflect/Method;Ljava/lang/Object;[Ljava/lang/Object;)Ljava/lang/Object; (0 bytes) @ 0x00000000032eb95f [0x00000000032eb8e0+0x7f]
J 1676 C2 sun.reflect.NativeMethodAccessorImpl.invoke(Ljava/lang/Object;[Ljava/lang/Object;)Ljava/lang/Object; (91 bytes) @ 0x0000000002f93888 [0x0000000002f93820+0x68]
J 1213 C2 org.codehaus.groovy.reflection.CachedMethod.invoke(Ljava/lang/Object;[Ljava/lang/Object;)Ljava/lang/Object; (70 bytes) @ 0x00000000031bede0 [0x00000000031bed60+0x80]
j  groovy.lang.MetaMethod.doMethodInvoke(Ljava/lang/Object;[Ljava/lang/Object;)Ljava/lang/Object;+9
J 3396 C2 org.codehaus.groovy.runtime.metaclass.ClosureMetaClass.invokeMethod(Ljava/lang/Class;Ljava/lang/Object;Ljava/lang/String;[Ljava/lang/Object;ZZ)Ljava/lang/Object; (894 bytes) @ 0x00000000038dd6b0 [0x00000000038dce60+0x850]
j  groovy.lang.MetaClassImpl.invokeMethod(Ljava/lang/Object;Ljava/lang/String;[Ljava/lang/Object;)Ljava/lang/Object;+10
j  org.codehaus.groovy.runtime.callsite.PogoMetaClassSite.callCurrent(Lgroovy/lang/GroovyObject;[Ljava/lang/Object;)Ljava/lang/Object;+18
j  org.codehaus.groovy.runtime.callsite.CallSiteArray.defaultCallCurrent(Lorg/codehaus/groovy/runtime/callsite/CallSite;Lgroovy/lang/GroovyObject;[Ljava/lang/Object;)Ljava/lang/Object;+17
j  org.codehaus.groovy.runtime.callsite.AbstractCallSite.callCurrent(Lgroovy/lang/GroovyObject;[Ljava/lang/Object;)Ljava/lang/Object;+3
j  org.codehaus.groovy.runtime.callsite.AbstractCallSite.callCurrent(Lgroovy/lang/GroovyObject;Ljava/lang/Object;)Ljava/lang/Object;+6
j  com.android.build.gradle.BasePlugin$_createTasks_closure9.doCall(Ljava/lang/Object;)Ljava/lang/Object;+13
v  ~StubRoutines::call_stub
J 1677  sun.reflect.NativeMethodAccessorImpl.invoke0(Ljava/lang/reflect/Method;Ljava/lang/Object;[Ljava/lang/Object;)Ljava/lang/Object; (0 bytes) @ 0x00000000032eb95f [0x00000000032eb8e0+0x7f]
J 1676 C2 sun.reflect.NativeMethodAccessorImpl.invoke(Ljava/lang/Object;[Ljava/lang/Object;)Ljava/lang/Object; (91 bytes) @ 0x0000000002f93888 [0x0000000002f93820+0x68]
J 1213 C2 org.codehaus.groovy.reflection.CachedMethod.invoke(Ljava/lang/Object;[Ljava/lang/Object;)Ljava/lang/Object; (70 bytes) @ 0x00000000031bede0 [0x00000000031bed60+0x80]
j  groovy.lang.MetaMethod.doMethodInvoke(Ljava/lang/Object;[Ljava/lang/Object;)Ljava/lang/Object;+9
J 3396 C2 org.codehaus.groovy.runtime.metaclass.ClosureMetaClass.invokeMethod(Ljava/lang/Class;Ljava/lang/Object;Ljava/lang/String;[Ljava/lang/Object;ZZ)Ljava/lang/Object; (894 bytes) @ 0x00000000038dd174 [0x00000000038dce60+0x314]
j  groovy.lang.MetaClassImpl.invokeMethod(Ljava/lang/Object;Ljava/lang/String;[Ljava/lang/Object;)Ljava/lang/Object;+10
j  groovy.lang.Closure.call([Ljava/lang/Object;)Ljava/lang/Object;+8
j  org.gradle.listener.ClosureBackedMethodInvocationDispatch.dispatch(Lorg/gradle/messaging/dispatch/MethodInvocation;)V+62
j  org.gradle.listener.ClosureBackedMethodInvocationDispatch.dispatch(Ljava/lang/Object;)V+5
J 1629 C2 org.gradle.listener.BroadcastDispatch.dispatch(Lorg/gradle/messaging/dispatch/MethodInvocation;)V (147 bytes) @ 0x00000000032a6d58 [0x00000000032a6a60+0x2f8]
J 2451 C2 org.gradle.messaging.dispatch.ProxyDispatchAdapter$DispatchingInvocationHandler.invoke(Ljava/lang/Object;Ljava/lang/reflect/Method;[Ljava/lang/Object;)Ljava/lang/Object; (179 bytes) @ 0x0000000003063d9c [0x0000000003063a60+0x33c]
j  com.sun.proxy.$Proxy12.afterEvaluate(Lorg/gradle/api/Project;Lorg/gradle/api/ProjectState;)V+20
j  org.gradle.configuration.project.LifecycleProjectEvaluator.notifyAfterEvaluate(Lorg/gradle/api/ProjectEvaluationListener;Lorg/gradle/api/internal/project/ProjectInternal;Lorg/gradle/api/internal/project/ProjectStateInternal;)V+3
j  org.gradle.configuration.project.LifecycleProjectEvaluator.evaluate(Lorg/gradle/api/internal/project/ProjectInternal;Lorg/gradle/api/internal/project/ProjectStateInternal;)V+72
j  org.gradle.api.internal.project.AbstractProject.evaluate()Lorg/gradle/api/internal/project/AbstractProject;+9
j  org.gradle.api.internal.project.AbstractProject.evaluate()Lorg/gradle/api/Project;+1
j  org.gradle.execution.TaskPathProjectEvaluator.configureHierarchy(Lorg/gradle/api/internal/project/ProjectInternal;)V+82
j  org.gradle.configuration.DefaultBuildConfigurer.configure(Lorg/gradle/api/internal/GradleInternal;)V+50
j  org.gradle.initialization.DefaultGradleLauncher.doBuildStages(Lorg/gradle/initialization/DefaultGradleLauncher$Stage;)V+85
j  org.gradle.initialization.DefaultGradleLauncher.doBuild(Lorg/gradle/initialization/DefaultGradleLauncher$Stage;)Lorg/gradle/BuildResult;+27
j  org.gradle.initialization.DefaultGradleLauncher.getBuildAnalysis()Lorg/gradle/BuildResult;+4
j  org.gradle.launcher.exec.InProcessBuildActionExecuter$DefaultBuildController.configure()Lorg/gradle/api/internal/GradleInternal;+5
j  org.gradle.tooling.internal.provider.ClientProvidedBuildAction.run(Lorg/gradle/initialization/BuildController;)Lorg/gradle/tooling/internal/provider/BuildActionResult;+39
j  org.gradle.tooling.internal.provider.ClientProvidedBuildAction.run(Lorg/gradle/initialization/BuildController;)Ljava/lang/Object;+2
j  org.gradle.tooling.internal.provider.ConfiguringBuildAction.run(Lorg/gradle/initialization/BuildController;)Ljava/lang/Object;+15
j  org.gradle.launcher.exec.InProcessBuildActionExecuter.execute(Lorg/gradle/initialization/BuildAction;Lorg/gradle/initialization/BuildCancellationToken;Lorg/gradle/launcher/exec/BuildActionParameters;)Ljava/lang/Object;+19
j  org.gradle.launcher.exec.InProcessBuildActionExecuter.execute(Lorg/gradle/initialization/BuildAction;Lorg/gradle/initialization/BuildCancellationToken;Ljava/lang/Object;)Ljava/lang/Object;+7
j  org.gradle.launcher.daemon.server.exec.ExecuteBuild.doBuild(Lorg/gradle/launcher/daemon/server/exec/DaemonCommandExecution;Lorg/gradle/launcher/daemon/protocol/Build;)V+47
j  org.gradle.launcher.daemon.server.exec.BuildCommandOnly.execute(Lorg/gradle/launcher/daemon/server/exec/DaemonCommandExecution;)V+49
j  org.gradle.launcher.daemon.server.exec.DaemonCommandExecution.proceed()Z+28
j  org.gradle.launcher.daemon.server.exec.WatchForDisconnection.execute(Lorg/gradle/launcher/daemon/server/exec/DaemonCommandExecution;)V+19
j  org.gradle.launcher.daemon.server.exec.DaemonCommandExecution.proceed()Z+28
j  org.gradle.launcher.daemon.server.exec.ResetDeprecationLogger.execute(Lorg/gradle/launcher/daemon/server/exec/DaemonCommandExecution;)V+4
j  org.gradle.launcher.daemon.server.exec.DaemonCommandExecution.proceed()Z+28
j  org.gradle.launcher.daemon.server.exec.StartStopIfBuildAndStop.execute(Lorg/gradle/launcher/daemon/server/exec/DaemonCommandExecution;)V+34
j  org.gradle.launcher.daemon.server.exec.DaemonCommandExecution.proceed()Z+28
j  org.gradle.launcher.daemon.server.exec.ForwardClientInput$2.call()Ljava/lang/Void;+4
j  org.gradle.launcher.daemon.server.exec.ForwardClientInput$2.call()Ljava/lang/Object;+1
j  org.gradle.util.Swapper.swap(Ljava/lang/Object;Ljava/util/concurrent/Callable;)Ljava/lang/Object;+21
j  org.gradle.launcher.daemon.server.exec.ForwardClientInput.execute(Lorg/gradle/launcher/daemon/server/exec/DaemonCommandExecution;)V+63
j  org.gradle.launcher.daemon.server.exec.DaemonCommandExecution.proceed()Z+28
j  org.gradle.launcher.daemon.server.exec.LogToClient.doBuild(Lorg/gradle/launcher/daemon/server/exec/DaemonCommandExecution;Lorg/gradle/launcher/daemon/protocol/Build;)V+92
j  org.gradle.launcher.daemon.server.exec.BuildCommandOnly.execute(Lorg/gradle/launcher/daemon/server/exec/DaemonCommandExecution;)V+49
j  org.gradle.launcher.daemon.server.exec.DaemonCommandExecution.proceed()Z+28
j  org.gradle.launcher.daemon.server.exec.EstablishBuildEnvironment.doBuild(Lorg/gradle/launcher/daemon/server/exec/DaemonCommandExecution;Lorg/gradle/launcher/daemon/protocol/Build;)V+237
j  org.gradle.launcher.daemon.server.exec.BuildCommandOnly.execute(Lorg/gradle/launcher/daemon/server/exec/DaemonCommandExecution;)V+49
j  org.gradle.launcher.daemon.server.exec.DaemonCommandExecution.proceed()Z+28
j  org.gradle.launcher.daemon.server.exec.DaemonHygieneAction.execute(Lorg/gradle/launcher/daemon/server/exec/DaemonCommandExecution;)V+1
j  org.gradle.launcher.daemon.server.exec.DaemonCommandExecution.proceed()Z+28
j  org.gradle.launcher.daemon.server.exec.StartBuildOrRespondWithBusy$1.run()V+44
j  org.gradle.launcher.daemon.server.DaemonStateCoordinator$1.run()V+4
j  org.gradle.internal.concurrent.DefaultExecutorFactory$StoppableExecutorImpl$1.run()V+18
j  java.util.concurrent.ThreadPoolExecutor.runWorker(Ljava/util/concurrent/ThreadPoolExecutor$Worker;)V+95
j  java.util.concurrent.ThreadPoolExecutor$Worker.run()V+5
j  java.lang.Thread.run()V+11
v  ~StubRoutines::call_stub

---------------  P R O C E S S  ---------------

Java Threads: ( => current thread )
  0x000000000f820000 JavaThread "Stdin handler" [_thread_blocked, id=4984, stack(0x000000000ddd0000,0x000000000ded0000)]
=>0x000000000f81b000 JavaThread "Daemon worker Thread 61" [_thread_in_native, id=5904, stack(0x000000000dbd0000,0x000000000dcd0000)]
  0x000000000f81e000 JavaThread "Cancel handler" [_thread_blocked, id=4116, stack(0x000000000dad0000,0x000000000dbd0000)]
  0x000000000f81d000 JavaThread "Handler for socket connection from /127.0.0.1:52964 to /127.0.0.1:64347" [_thread_in_native, id=4964, stack(0x000000000d9d0000,0x000000000dad0000)]
  0x000000000f81c800 JavaThread "Daemon Thread 61" [_thread_blocked, id=5832, stack(0x000000000c6c0000,0x000000000c7c0000)]
  0x000000000ae2e800 JavaThread "File lock request listener" [_thread_in_native, id=2660, stack(0x000000000dfd0000,0x000000000e0d0000)]
  0x000000000ae2a000 JavaThread "Incoming local TCP Connector on port 52964" [_thread_in_native, id=884, stack(0x000000000d890000,0x000000000d990000)]
  0x000000000916d000 JavaThread "Service Thread" daemon [_thread_blocked, id=4592, stack(0x000000000a8e0000,0x000000000a9e0000)]
  0x0000000009166800 JavaThread "C2 CompilerThread1" daemon [_thread_blocked, id=4180, stack(0x000000000a7e0000,0x000000000a8e0000)]
  0x0000000009162000 JavaThread "C2 CompilerThread0" daemon [_thread_blocked, id=4792, stack(0x000000000a6e0000,0x000000000a7e0000)]
  0x0000000009161000 JavaThread "Attach Listener" daemon [_thread_blocked, id=6312, stack(0x000000000a5e0000,0x000000000a6e0000)]
  0x000000000915e000 JavaThread "Signal Dispatcher" daemon [_thread_blocked, id=496, stack(0x000000000a4e0000,0x000000000a5e0000)]
  0x000000000912e800 JavaThread "Finalizer" daemon [_thread_blocked, id=3396, stack(0x000000000a3e0000,0x000000000a4e0000)]
  0x0000000009125000 JavaThread "Reference Handler" daemon [_thread_blocked, id=600, stack(0x000000000a2e0000,0x000000000a3e0000)]
  0x0000000002bb0800 JavaThread "main" [_thread_blocked, id=6552, stack(0x0000000002a00000,0x0000000002b00000)]

Other Threads:
  0x000000000911f800 VMThread [stack: 0x000000000a1e0000,0x000000000a2e0000] [id=6188]
  0x000000000918f000 WatcherThread [stack: 0x000000000a9e0000,0x000000000aae0000] [id=6660]

VM state:not at safepoint (normal execution)

VM Mutex/Monitor currently owned by a thread: None

Heap
 PSYoungGen      total 281600K, used 100930K [0x00000000eaa80000, 0x00000000ff500000, 0x0000000100000000)
  eden space 230912K, 41% used [0x00000000eaa80000,0x00000000f08dcbb8,0x00000000f8c00000)
  from space 50688K, 8% used [0x00000000fc380000,0x00000000fc7b4030,0x00000000ff500000)
  to   space 53760K, 0% used [0x00000000f8c00000,0x00000000f8c00000,0x00000000fc080000)
 ParOldGen       total 259584K, used 100759K [0x00000000c0000000, 0x00000000cfd80000, 0x00000000eaa80000)
  object space 259584K, 38% used [0x00000000c0000000,0x00000000c6265e28,0x00000000cfd80000)
 PSPermGen       total 173568K, used 156205K [0x00000000b0000000, 0x00000000ba980000, 0x00000000c0000000)
  object space 173568K, 89% used [0x00000000b0000000,0x00000000b988b5c0,0x00000000ba980000)

Card table byte_map: [0x0000000005d70000,0x0000000006000000] byte_map_base: 0x00000000057f0000

Polling page: 0x0000000002940000

Code Cache  [0x0000000002cb0000, 0x00000000039d0000, 0x0000000005cb0000)
 total_blobs=3592 nmethods=2951 adapters=593 free_code_cache=36705Kb largest_free_block=36580352

Compilation events (10 events):
Event: 39656.569 Thread 0x0000000009166800 3666             java.util.Arrays::hashCode (44 bytes)
Event: 39656.571 Thread 0x0000000009166800 nmethod 3666 0x0000000003923ed0 code [0x0000000003924000, 0x0000000003924118]
Event: 39656.572 Thread 0x0000000009166800 3667             sun.security.util.DerInputStream::getLength (111 bytes)
Event: 39656.578 Thread 0x0000000009166800 nmethod 3667 0x0000000003950590 code [0x00000000039506e0, 0x0000000003950cb8]
Event: 39656.584 Thread 0x0000000009162000 3668  s          java.io.ByteArrayInputStream::available (10 bytes)
Event: 39656.586 Thread 0x0000000009162000 nmethod 3668 0x0000000003731710 code [0x0000000003731840, 0x0000000003731a58]
Event: 39656.591 Thread 0x0000000009166800 3669             java.io.ByteArrayInputStream::mark (9 bytes)
Event: 39656.591 Thread 0x0000000009166800 nmethod 3669 0x00000000038e0850 code [0x00000000038e0980, 0x00000000038e09d8]
Event: 39656.633 Thread 0x0000000009162000 3670   !         java.security.cert.Certificate::hashCode (34 bytes)
Event: 39656.636 Thread 0x0000000009162000 nmethod 3670 0x0000000003964750 code [0x00000000039648a0, 0x0000000003964a88]

GC Heap History (10 events):
Event: 39406.619 GC heap before
{Heap before GC invocations=174 (full 55):
 PSYoungGen      total 282112K, used 233984K [0x00000000eaa80000, 0x00000000fef00000, 0x0000000100000000)
  eden space 233984K, 100% used [0x00000000eaa80000,0x00000000f8f00000,0x00000000f8f00000)
  from space 48128K, 0% used [0x00000000fc000000,0x00000000fc000000,0x00000000fef00000)
  to   space 49152K, 0% used [0x00000000f8f00000,0x00000000f8f00000,0x00000000fbf00000)
 ParOldGen       total 259584K, used 69606K [0x00000000c0000000, 0x00000000cfd80000, 0x00000000eaa80000)
  object space 259584K, 26% used [0x00000000c0000000,0x00000000c43f9990,0x00000000cfd80000)
 PSPermGen       total 158208K, used 142968K [0x00000000b0000000, 0x00000000b9a80000, 0x00000000c0000000)
  object space 158208K, 90% used [0x00000000b0000000,0x00000000b8b9e0a0,0x00000000b9a80000)
Event: 39406.662 GC heap after
Heap after GC invocations=174 (full 55):
 PSYoungGen      total 257536K, used 23362K [0x00000000eaa80000, 0x00000000feb80000, 0x0000000100000000)
  eden space 233984K, 0% used [0x00000000eaa80000,0x00000000eaa80000,0x00000000f8f00000)
  from space 23552K, 99% used [0x00000000f8f00000,0x00000000fa5d0aa0,0x00000000fa600000)
  to   space 47104K, 0% used [0x00000000fbd80000,0x00000000fbd80000,0x00000000feb80000)
 ParOldGen       total 259584K, used 69606K [0x00000000c0000000, 0x00000000cfd80000, 0x00000000eaa80000)
  object space 259584K, 26% used [0x00000000c0000000,0x00000000c43f9990,0x00000000cfd80000)
 PSPermGen       total 158208K, used 142968K [0x00000000b0000000, 0x00000000b9a80000, 0x00000000c0000000)
  object space 158208K, 90% used [0x00000000b0000000,0x00000000b8b9e0a0,0x00000000b9a80000)
}
Event: 39413.481 GC heap before
{Heap before GC invocations=175 (full 55):
 PSYoungGen      total 257536K, used 257346K [0x00000000eaa80000, 0x00000000feb80000, 0x0000000100000000)
  eden space 233984K, 100% used [0x00000000eaa80000,0x00000000f8f00000,0x00000000f8f00000)
  from space 23552K, 99% used [0x00000000f8f00000,0x00000000fa5d0aa0,0x00000000fa600000)
  to   space 47104K, 0% used [0x00000000fbd80000,0x00000000fbd80000,0x00000000feb80000)
 ParOldGen       total 259584K, used 69606K [0x00000000c0000000, 0x00000000cfd80000, 0x00000000eaa80000)
  object space 259584K, 26% used [0x00000000c0000000,0x00000000c43f9990,0x00000000cfd80000)
 PSPermGen       total 158208K, used 150190K [0x00000000b0000000, 0x00000000b9a80000, 0x00000000c0000000)
  object space 158208K, 94% used [0x00000000b0000000,0x00000000b92ab800,0x00000000b9a80000)
Event: 39413.829 GC heap after
Heap after GC invocations=175 (full 55):
 PSYoungGen      total 276992K, used 44176K [0x00000000eaa80000, 0x00000000ff580000, 0x0000000100000000)
  eden space 229888K, 0% used [0x00000000eaa80000,0x00000000eaa80000,0x00000000f8b00000)
  from space 47104K, 93% used [0x00000000fbd80000,0x00000000fe8a4328,0x00000000feb80000)
  to   space 51712K, 0% used [0x00000000f8b00000,0x00000000f8b00000,0x00000000fbd80000)
 ParOldGen       total 259584K, used 69606K [0x00000000c0000000, 0x00000000cfd80000, 0x00000000eaa80000)
  object space 259584K, 26% used [0x00000000c0000000,0x00000000c43f9990,0x00000000cfd80000)
 PSPermGen       total 158208K, used 150190K [0x00000000b0000000, 0x00000000b9a80000, 0x00000000c0000000)
  object space 158208K, 94% used [0x00000000b0000000,0x00000000b92ab800,0x00000000b9a80000)
}
Event: 39414.536 GC heap before
{Heap before GC invocations=176 (full 55):
 PSYoungGen      total 276992K, used 59986K [0x00000000eaa80000, 0x00000000ff580000, 0x0000000100000000)
  eden space 229888K, 6% used [0x00000000eaa80000,0x00000000eb9f0720,0x00000000f8b00000)
  from space 47104K, 93% used [0x00000000fbd80000,0x00000000fe8a4328,0x00000000feb80000)
  to   space 51712K, 0% used [0x00000000f8b00000,0x00000000f8b00000,0x00000000fbd80000)
 ParOldGen       total 259584K, used 69606K [0x00000000c0000000, 0x00000000cfd80000, 0x00000000eaa80000)
  object space 259584K, 26% used [0x00000000c0000000,0x00000000c43f9990,0x00000000cfd80000)
 PSPermGen       total 158208K, used 150933K [0x00000000b0000000, 0x00000000b9a80000, 0x00000000c0000000)
  object space 158208K, 95% used [0x00000000b0000000,0x00000000b9365590,0x00000000b9a80000)
Event: 39414.584 GC heap after
Heap after GC invocations=176 (full 55):
 PSYoungGen      total 281600K, used 34770K [0x00000000eaa80000, 0x00000000ff680000, 0x0000000100000000)
  eden space 229888K, 0% used [0x00000000eaa80000,0x00000000eaa80000,0x00000000f8b00000)
  from space 51712K, 67% used [0x00000000f8b00000,0x00000000facf4af8,0x00000000fbd80000)
  to   space 52224K, 0% used [0x00000000fc380000,0x00000000fc380000,0x00000000ff680000)
 ParOldGen       total 259584K, used 69606K [0x00000000c0000000, 0x00000000cfd80000, 0x00000000eaa80000)
  object space 259584K, 26% used [0x00000000c0000000,0x00000000c43f9990,0x00000000cfd80000)
 PSPermGen       total 158208K, used 150933K [0x00000000b0000000, 0x00000000b9a80000, 0x00000000c0000000)
  object space 158208K, 95% used [0x00000000b0000000,0x00000000b9365590,0x00000000b9a80000)
}
Event: 39414.584 GC heap before
{Heap before GC invocations=177 (full 56):
 PSYoungGen      total 281600K, used 34770K [0x00000000eaa80000, 0x00000000ff680000, 0x0000000100000000)
  eden space 229888K, 0% used [0x00000000eaa80000,0x00000000eaa80000,0x00000000f8b00000)
  from space 51712K, 67% used [0x00000000f8b00000,0x00000000facf4af8,0x00000000fbd80000)
  to   space 52224K, 0% used [0x00000000fc380000,0x00000000fc380000,0x00000000ff680000)
 ParOldGen       total 259584K, used 69606K [0x00000000c0000000, 0x00000000cfd80000, 0x00000000eaa80000)
  object space 259584K, 26% used [0x00000000c0000000,0x00000000c43f9990,0x00000000cfd80000)
 PSPermGen       total 158208K, used 150933K [0x00000000b0000000, 0x00000000b9a80000, 0x00000000c0000000)
  object space 158208K, 95% used [0x00000000b0000000,0x00000000b9365590,0x00000000b9a80000)
Event: 39415.735 GC heap after
Heap after GC invocations=177 (full 56):
 PSYoungGen      total 281600K, used 0K [0x00000000eaa80000, 0x00000000ff680000, 0x0000000100000000)
  eden space 229888K, 0% used [0x00000000eaa80000,0x00000000eaa80000,0x00000000f8b00000)
  from space 51712K, 0% used [0x00000000f8b00000,0x00000000f8b00000,0x00000000fbd80000)
  to   space 52224K, 0% used [0x00000000fc380000,0x00000000fc380000,0x00000000ff680000)
 ParOldGen       total 259584K, used 100759K [0x00000000c0000000, 0x00000000cfd80000, 0x00000000eaa80000)
  object space 259584K, 38% used [0x00000000c0000000,0x00000000c6265e28,0x00000000cfd80000)
 PSPermGen       total 173568K, used 150855K [0x00000000b0000000, 0x00000000ba980000, 0x00000000c0000000)
  object space 173568K, 86% used [0x00000000b0000000,0x00000000b9351f58,0x00000000ba980000)
}
Event: 39654.083 GC heap before
{Heap before GC invocations=178 (full 56):
 PSYoungGen      total 281600K, used 229888K [0x00000000eaa80000, 0x00000000ff680000, 0x0000000100000000)
  eden space 229888K, 100% used [0x00000000eaa80000,0x00000000f8b00000,0x00000000f8b00000)
  from space 51712K, 0% used [0x00000000f8b00000,0x00000000f8b00000,0x00000000fbd80000)
  to   space 52224K, 0% used [0x00000000fc380000,0x00000000fc380000,0x00000000ff680000)
 ParOldGen       total 259584K, used 100759K [0x00000000c0000000, 0x00000000cfd80000, 0x00000000eaa80000)
  object space 259584K, 38% used [0x00000000c0000000,0x00000000c6265e28,0x00000000cfd80000)
 PSPermGen       total 173568K, used 151172K [0x00000000b0000000, 0x00000000ba980000, 0x00000000c0000000)
  object space 173568K, 87% used [0x00000000b0000000,0x00000000b93a12d8,0x00000000ba980000)
Event: 39654.096 GC heap after
Heap after GC invocations=178 (full 56):
 PSYoungGen      total 281600K, used 4304K [0x00000000eaa80000, 0x00000000ff500000, 0x0000000100000000)
  eden space 230912K, 0% used [0x00000000eaa80000,0x00000000eaa80000,0x00000000f8c00000)
  from space 50688K, 8% used [0x00000000fc380000,0x00000000fc7b4030,0x00000000ff500000)
  to   space 53760K, 0% used [0x00000000f8c00000,0x00000000f8c00000,0x00000000fc080000)
 ParOldGen       total 259584K, used 100759K [0x00000000c0000000, 0x00000000cfd80000, 0x00000000eaa80000)
  object space 259584K, 38% used [0x00000000c0000000,0x00000000c6265e28,0x00000000cfd80000)
 PSPermGen       total 173568K, used 151172K [0x00000000b0000000, 0x00000000ba980000, 0x00000000c0000000)
  object space 173568K, 87% used [0x00000000b0000000,0x00000000b93a12d8,0x00000000ba980000)
}

Deoptimization events (10 events):
Event: 39654.990 Thread 0x000000000f81b000 Uncommon trap: reason=class_check action=maybe_recompile pc=0x0000000002f2724c method=java.util.Hashtable.put(Ljava/lang/Object;Ljava/lang/Object;)Ljava/lang/Object; @ 61
Event: 39655.209 Thread 0x000000000f81b000 Uncommon trap: reason=bimorphic action=maybe_recompile pc=0x000000000306cef4 method=java.util.Hashtable.get(Ljava/lang/Object;)Ljava/lang/Object; @ 46
Event: 39655.209 Thread 0x000000000f81b000 Uncommon trap: reason=bimorphic action=maybe_recompile pc=0x000000000306cef4 method=java.util.Hashtable.get(Ljava/lang/Object;)Ljava/lang/Object; @ 46
Event: 39655.238 Thread 0x000000000f81b000 Uncommon trap: reason=unreached action=reinterpret pc=0x000000000393fe18 method=org.codehaus.groovy.runtime.metaclass.MetaMethodIndex.copyNonPrivateNonNewMetaMethods(Lorg/codehaus/groovy/runtime/metaclass/MetaMethodIndex$Entry;Lorg/codehaus/groovy/runtime/zJYè\ã@
Event: 39655.261 Thread 0x000000000f81b000 Uncommon trap: reason=unreached action=reinterpret pc=0x0000000002f6b60c method=groovy.lang.MetaClassImpl$1MOPIter.methodNameAction(Ljava/lang/Class;Lorg/codehaus/groovy/runtime/metaclass/MetaMethodIndex$Entry;)V @ 259
Event: 39655.340 Thread 0x000000000f81b000 Uncommon trap: reason=unreached action=reinterpret pc=0x000000000386c5b8 method=com.sun.beans.finder.ClassFinder.findClass(Ljava/lang/String;Ljava/lang/ClassLoader;)Ljava/lang/Class; @ 5
Event: 39655.576 Thread 0x000000000f81b000 Uncommon trap: reason=unreached action=reinterpret pc=0x0000000002fd7970 method=org.apache.ivy.core.IvyPatternHelper.substituteTokens(Ljava/lang/String;Ljava/util/Map;)Ljava/lang/String; @ 438
Event: 39656.706 Thread 0x000000000f81b000 Uncommon trap: reason=bimorphic action=maybe_recompile pc=0x00000000030eae0c method=java.util.regex.Pattern$Branch.study(Ljava/util/regex/Pattern$TreeInfo;)Z @ 57
Event: 39656.746 Thread 0x000000000f81b000 Uncommon trap: reason=unreached action=reinterpret pc=0x00000000038b352c method=sun.security.provider.SecureRandom.engineNextBytes([B)V @ 12
Event: 39657.012 Thread 0x000000000f81b000 Uncommon trap: reason=unreached action=reinterpret pc=0x0000000002ebddb0 method=java.lang.Integer.parseInt(Ljava/lang/String;I)I @ 1

Internal exceptions (10 events):
Event: 39656.993 Thread 0x000000000f81b000 Threw 0x00000000f05cc5c8 at C:\re\jdk7u71\1605\hotspot\src\share\vm\prims\jvm.cpp:1281
Event: 39656.993 Thread 0x000000000f81b000 Threw 0x00000000f05cd690 at C:\re\jdk7u71\1605\hotspot\src\share\vm\prims\jvm.cpp:1281
Event: 39656.993 Thread 0x000000000f81b000 Threw 0x00000000f05d32e0 at C:\re\jdk7u71\1605\hotspot\src\share\vm\prims\jvm.cpp:1281
Event: 39656.994 Thread 0x000000000f81b000 Threw 0x00000000f05dc770 at C:\re\jdk7u71\1605\hotspot\src\share\vm\prims\jvm.cpp:1281
Event: 39656.994 Thread 0x000000000f81b000 Threw 0x00000000f05dd780 at C:\re\jdk7u71\1605\hotspot\src\share\vm\prims\jvm.cpp:1281
Event: 39656.994 Thread 0x000000000f81b000 Threw 0x00000000f05e25e0 at C:\re\jdk7u71\1605\hotspot\src\share\vm\prims\jvm.cpp:1281
Event: 39656.995 Thread 0x000000000f81b000 Threw 0x00000000f05ebd98 at C:\re\jdk7u71\1605\hotspot\src\share\vm\prims\jvm.cpp:1281
Event: 39656.995 Thread 0x000000000f81b000 Threw 0x00000000f05ece78 at C:\re\jdk7u71\1605\hotspot\src\share\vm\prims\jvm.cpp:1281
Event: 39656.995 Thread 0x000000000f81b000 Threw 0x00000000f05f2c58 at C:\re\jdk7u71\1605\hotspot\src\share\vm\prims\jvm.cpp:1281
Event: 39657.012 Thread 0x000000000f81b000 Implicit null exception at 0x0000000002ebd8af to 0x0000000002ebdd9d

Events (10 events):
Event: 39657.172 loading class 0x000000000fb1bd70
Event: 39657.172 loading class 0x000000000fb1bd70 done
Event: 39657.172 loading class 0x000000000e98fe80
Event: 39657.172 loading class 0x000000000e98fe80 done
Event: 39657.174 loading class 0x000000000ab4ae80
Event: 39657.188 loading class 0x000000000ab4ae80 done
Event: 39657.188 loading class 0x000000000e9910d0
Event: 39657.189 loading class 0x000000000e9910d0 done
Event: 39657.189 loading class 0x000000000e991060
Event: 39657.189 loading class 0x000000000e991060 done


Dynamic libraries:
0x00007ff6d2d60000 - 0x00007ff6d2d93000 	C:\Program Files\Java\jdk1.7.0_71\bin\java.exe
0x00007ffa57580000 - 0x00007ffa57726000 	C:\Windows\SYSTEM32\ntdll.dll
0x00007ffa54eb0000 - 0x00007ffa54fea000 	C:\Windows\system32\KERNEL32.DLL
0x00007ffa549c0000 - 0x00007ffa54acf000 	C:\Windows\system32\KERNELBASE.dll
0x00007ffa533f0000 - 0x00007ffa53478000 	C:\Windows\system32\apphelp.dll
0x00007ffa4b0d0000 - 0x00007ffa4b11f000 	C:\Windows\AppPatch\AppPatch64\AcGenral.DLL
0x00007ffa54e00000 - 0x00007ffa54ea7000 	C:\Windows\system32\msvcrt.dll
0x00007ffa547a0000 - 0x00007ffa547cb000 	C:\Windows\SYSTEM32\SspiCli.dll
0x00007ffa57480000 - 0x00007ffa574d1000 	C:\Windows\system32\SHLWAPI.dll
0x00007ffa55790000 - 0x00007ffa55901000 	C:\Windows\system32\USER32.dll
0x00007ffa555a0000 - 0x00007ffa55718000 	C:\Windows\system32\ole32.dll
0x00007ffa56070000 - 0x00007ffa5747f000 	C:\Windows\system32\SHELL32.dll
0x00007ffa53f60000 - 0x00007ffa53f7e000 	C:\Windows\SYSTEM32\USERENV.dll
0x00007ffa551a0000 - 0x00007ffa55245000 	C:\Windows\system32\ADVAPI32.dll
0x00007ffa4ef60000 - 0x00007ffa4ef7b000 	C:\Windows\SYSTEM32\MPR.dll
0x00007ffa553c0000 - 0x00007ffa554f7000 	C:\Windows\system32\RPCRT4.dll
0x00007ffa55730000 - 0x00007ffa55787000 	C:\Windows\SYSTEM32\sechost.dll
0x00007ffa55e90000 - 0x00007ffa56066000 	C:\Windows\SYSTEM32\combase.dll
0x00007ffa55910000 - 0x00007ffa55a54000 	C:\Windows\system32\GDI32.dll
0x00007ffa548f0000 - 0x00007ffa54904000 	C:\Windows\SYSTEM32\profapi.dll
0x00007ffa53480000 - 0x00007ffa5351f000 	C:\Windows\SYSTEM32\SHCORE.dll
0x00007ffa574e0000 - 0x00007ffa57514000 	C:\Windows\system32\IMM32.DLL
0x00007ffa55250000 - 0x00007ffa55389000 	C:\Windows\system32\MSCTF.dll
0x00007ffa52d70000 - 0x00007ffa52fca000 	C:\Windows\WinSxS\amd64_microsoft.windows.common-controls_6595b64144ccf1df_6.0.9600.17031_none_6242a4b3ecbb55a1\COMCTL32.dll
0x0000000073e70000 - 0x0000000073f42000 	C:\Program Files\Java\jdk1.7.0_71\jre\bin\msvcr100.dll
0x0000000074300000 - 0x0000000074ad3000 	C:\Program Files\Java\jdk1.7.0_71\jre\bin\server\jvm.dll
0x00007ffa53040000 - 0x00007ffa53049000 	C:\Windows\SYSTEM32\WSOCK32.dll
0x00007ffa53260000 - 0x00007ffa5327f000 	C:\Windows\SYSTEM32\WINMM.dll
0x00007ffa55390000 - 0x00007ffa55397000 	C:\Windows\system32\PSAPI.DLL
0x00007ffa57520000 - 0x00007ffa57578000 	C:\Windows\system32\WS2_32.dll
0x00007ffa52a70000 - 0x00007ffa52a9a000 	C:\Windows\SYSTEM32\WINMMBASE.dll
0x00007ffa55dd0000 - 0x00007ffa55dd9000 	C:\Windows\system32\NSI.dll
0x00007ffa54bd0000 - 0x00007ffa54c1a000 	C:\Windows\SYSTEM32\cfgmgr32.dll
0x00007ffa53700000 - 0x00007ffa53726000 	C:\Windows\SYSTEM32\DEVOBJ.dll
0x00000000742f0000 - 0x00000000742ff000 	C:\Program Files\Java\jdk1.7.0_71\jre\bin\verify.dll
0x00000000742c0000 - 0x00000000742e8000 	C:\Program Files\Java\jdk1.7.0_71\jre\bin\java.dll
0x00000000742a0000 - 0x00000000742b5000 	C:\Program Files\Java\jdk1.7.0_71\jre\bin\zip.dll
0x0000000074280000 - 0x0000000074299000 	C:\Program Files\Java\jdk1.7.0_71\jre\bin\net.dll
0x0000000180000000 - 0x0000000180078000 	C:\Windows\system32\ASProxy64.dll
0x00007ffa54200000 - 0x00007ffa54258000 	C:\Windows\SYSTEM32\MSWSOCK.dll
0x00007ffa539a0000 - 0x00007ffa539c9000 	C:\Windows\SYSTEM32\IPHLPAPI.DLL
0x00007ffa55d00000 - 0x00007ffa55dc1000 	C:\Windows\system32\OLEAUT32.dll
0x00007ffa53990000 - 0x00007ffa5399a000 	C:\Windows\SYSTEM32\VERSION.dll
0x00007ffa53980000 - 0x00007ffa5398a000 	C:\Windows\SYSTEM32\WINNSI.DLL
0x00007ffa53750000 - 0x00007ffa5375a000 	C:\Windows\SYSTEM32\kernel.appcore.dll
0x00007ffa54830000 - 0x00007ffa5483a000 	C:\Windows\SYSTEM32\CRYPTBASE.dll
0x00007ffa547d0000 - 0x00007ffa54830000 	C:\Windows\SYSTEM32\bcryptPrimitives.dll
0x00007ffa53580000 - 0x00007ffa536a1000 	C:\Windows\system32\uxtheme.dll
0x00007ffa55de0000 - 0x00007ffa55e84000 	C:\Windows\SYSTEM32\clbcatq.dll
0x00007ffa54260000 - 0x00007ffa5427e000 	C:\Windows\SYSTEM32\CRYPTSP.dll
0x00007ffa53e10000 - 0x00007ffa53e45000 	C:\Windows\system32\rsaenh.dll
0x00007ffa544a0000 - 0x00007ffa544c6000 	C:\Windows\SYSTEM32\bcrypt.dll
0x00007ffa54840000 - 0x00007ffa548d7000 	C:\Windows\SYSTEM32\sxs.dll
0x0000000074260000 - 0x0000000074271000 	C:\Program Files\Java\jdk1.7.0_71\jre\bin\nio.dll
0x00007ffa4e8c0000 - 0x00007ffa4e8d4000 	C:\Windows\SYSTEM32\dhcpcsvc6.DLL
0x00007ffa4eaa0000 - 0x00007ffa4eab9000 	C:\Windows\SYSTEM32\dhcpcsvc.DLL
0x00007ffa49d20000 - 0x00007ffa49d32000 	C:\Users\Stéphane\AppData\Local\Temp\native-platform6237320741401815272dir\native-platform.dll
0x0000000073f90000 - 0x0000000073fb4000 	C:\Program Files\Java\jdk1.7.0_71\jre\bin\sunec.dll
0x0000000073f80000 - 0x0000000073f8b000 	C:\Program Files\Java\jdk1.7.0_71\jre\bin\sunmscapi.dll
0x00007ffa54c20000 - 0x00007ffa54dff000 	C:\Windows\system32\CRYPT32.dll
0x00007ffa549a0000 - 0x00007ffa549b2000 	C:\Windows\system32\MSASN1.dll
0x00007ffa3c480000 - 0x00007ffa3c494000 	C:\Windows\system32\napinsp.dll
0x00007ffa3c4a0000 - 0x00007ffa3c4b9000 	C:\Windows\system32\pnrpnsp.dll
0x00007ffa4f420000 - 0x00007ffa4f439000 	C:\Windows\system32\NLAapi.dll
0x00007ffa54010000 - 0x00007ffa540b3000 	C:\Windows\SYSTEM32\DNSAPI.dll
0x00007ffa3c4c0000 - 0x00007ffa3c4cc000 	C:\Windows\System32\winrnr.dll
0x00007ffa3e430000 - 0x00007ffa3e443000 	C:\Windows\system32\wshbth.dll
0x00007ffa4c6e0000 - 0x00007ffa4c6e9000 	C:\Windows\System32\rasadhlp.dll
0x00007ffa4e990000 - 0x00007ffa4e9f8000 	C:\Windows\System32\fwpuclnt.dll
0x00007ffa32440000 - 0x00007ffa325c8000 	C:\Windows\SYSTEM32\dbghelp.dll

VM Arguments:
jvm_args: -XX:MaxPermSize=256m -XX:+HeapDumpOnOutOfMemoryError -Xmx1024m -Dfile.encoding=windows-1252 -Duser.country=FR -Duser.language=fr -Duser.variant 
java_command: org.gradle.launcher.daemon.bootstrap.GradleDaemon 2.2.1 C:\Users\Stéphane\.gradle\daemon 10800000 6e5d685c-ec3a-42d9-9d4f-174a06a7c090 -XX:MaxPermSize=256m -XX:+HeapDumpOnOutOfMemoryError -Xmx1024m -Dfile.encoding=windows-1252 -Duser.country=FR -Duser.language=fr -Duser.variant
Launcher Type: SUN_STANDARD

Environment Variables:
PATH=C:\Windows\system32;C:\Windows;C:\Windows\System32\Wbem;C:\Windows\System32\WindowsPowerShell\v1.0\
USERNAME=Stéphane
OS=Windows_NT
PROCESSOR_IDENTIFIER=Intel64 Family 6 Model 37 Stepping 5, GenuineIntel



---------------  S Y S T E M  ---------------

OS: Windows 8.1 , 64 bit Build 9600 

CPU:total 4 (2 cores per cpu, 2 threads per core) family 6 model 37 stepping 5, cmov, cx8, fxsr, mmx, sse, sse2, sse3, ssse3, sse4.1, sse4.2, popcnt, aes, ht, tsc, tscinvbit

Memory: 4k page, physical 4046208k(805468k free), swap 6452208k(1126172k free)

vm_info: Java HotSpot(TM) 64-Bit Server VM (24.71-b01) for windows-amd64 JRE (1.7.0_71-b14), built on Sep 26 2014 16:16:12 by "java_re" with unknown MS VC++:1600

time: Thu Jan 15 19:11:23 2015
elapsed time: 39657 seconds

